[debug] > Exec(early(addDefaultCommands), None, None)
[debug] > Exec(addDefaultCommands, None, None)
[debug] > Exec(early(initialize), None, None)
[debug] > Exec(initialize, None, None)
[debug] > Exec(boot, None, None)
[debug] > Exec(writeSbtVersion, None, None)
[debug] > Exec(reload, None, None)
[debug] > Exec(sbtStashOnFailure, None, None)
[debug] > Exec(onFailure loadFailed, None, None)
[debug] > Exec(loadp, None, None)
[info] welcome to sbt 1.4.0 (Azul Systems, Inc. Java 1.8.0_265)
[debug] Load.defaultLoad until apply took 337.6129ms
[debug]     Load.loadUnit: plugins took 198.619ms
[debug]     Load.loadUnit: defsScala took 0.3012ms
[debug] [Loading] Scanning directory C:\Users\servion\Desktop\Presence_Sync_Subscriber\Assignment_Play
[debug] [Loading] Found non-root projects 
[debug] [Loading] Done in C:\Users\servion\Desktop\Presence_Sync_Subscriber\Assignment_Play, returning: ()
[debug] deducing auto plugins based on known facts Set(Atom(sbt.plugins.CorePlugin)) and clauses Clauses(List(Clause(Atom(sbt.plugins.JvmPlugin),Set(Atom(sbt.plugins.IvyPlugin))), Clause(Atom(sbt.ScriptedPlugin),Set(Atom(sbt.plugins.JvmPlugin))), Clause(Atom(sbt.plugins.SbtPlugin),Set(Atom(sbt.ScriptedPlugin))), Clause(Atom(sbt.plugins.SemanticdbPlugin),Set(Atom(sbt.plugins.JvmPlugin))), Clause(Atom(sbt.plugins.JUnitXmlReportPlugin),Set(Atom(sbt.plugins.JvmPlugin))), Clause(Atom(sbt.plugins.MiniDependencyTreePlugin),Set(Atom(sbt.plugins.JvmPlugin))), Clause(Atom(sbt.plugins.CorePlugin),Set(Atom(sbt.plugins.IvyPlugin))), Clause(Atom(sbt.plugins.IvyPlugin),Set(Atom(sbt.plugins.JvmPlugin))), Clause(Atom(sbt.plugins.JvmPlugin),Set(Atom(sbt.plugins.SemanticdbPlugin))), Clause(Atom(sbt.plugins.JvmPlugin),Set(Atom(sbt.plugins.JUnitXmlReportPlugin))), Clause(Atom(sbt.plugins.CorePlugin),Set(Atom(sbt.plugins.Giter8TemplatePlugin))), Clause(Atom(sbt.plugins.JvmPlugin),Set(Atom(sbt.plugins.MiniDependencyTreePlugin)))))
[debug]   :: deduced result: Matched(sbt.plugins.CorePlugin,sbt.plugins.Giter8TemplatePlugin,sbt.plugins.IvyPlugin,sbt.plugins.JvmPlugin,sbt.plugins.MiniDependencyTreePlugin,sbt.plugins.JUnitXmlReportPlugin,sbt.plugins.SemanticdbPlugin)
[debug] Plugins.deducer#function took 25.7336 ms
[debug]         Load.resolveProject(assignment_play) took 59.8994ms
[debug]       Load.loadTransitive: finalizeProject(Project(id assignment_play, base: C:\Users\servion\Desktop\Presence_Sync_Subscriber\Assignment_Play, plugins: List(<none>))) took 115.4755ms
[debug] [Loading] Done in C:\Users\servion\Desktop\Presence_Sync_Subscriber\Assignment_Play, returning: (assignment_play)
[debug]     Load.loadUnit: loadedProjectsRaw took 133.9885ms
[debug]     Load.loadUnit: cleanEvalClasses took 0.2843ms
[debug]   Load.loadUnit(file:/C:/Users/servion/Desktop/Presence_Sync_Subscriber/Assignment_Play/, ...) took 339.1209ms
[debug] Load.apply: load took 517.6024ms
[debug] Load.apply: resolveProjects took 6.3316ms
[debug] Load.apply: finalTransforms took 60.5613ms
[debug] Load.apply: config.delegates took 9.2234ms
[debug] Load.apply: Def.make(settings)... took 902.9716ms
[debug] Load.apply: structureIndex took 87.629ms
[debug] Load.apply: mkStreams took 1.506ms
[info] set current project to assignment_play (in build file:/C:/Users/servion/Desktop/Presence_Sync_Subscriber/Assignment_Play/)
[debug] > Exec(sbtPopOnFailure, None, None)
[debug] > Exec(resumeFromFailure, None, None)
[debug] > Exec(notifyUsersAboutShell, None, None)
[debug] > Exec(iflast shell, None, None)
[debug] > Exec(new, None, None)
[info] set current project to assignment_play (in build file:/C:/Users/servion/Desktop/Presence_Sync_Subscriber/Assignment_Play/)
[debug] Running task... Cancel: Signal, check cycles: false, forcegc: true
